char *msjerror[]={ 
 	 " Error (0) esperaba PROCEDIMIENTO ", 
 	 " Error (1) esperaba ", 
 	 " Error (2) esperaba PRINCIPAL ", 
 	 " Error (3) esperaba FIN_DE_PROGRAMA ", 
 	 " Error (4) esperaba ", 
 	 " Error (5) esperaba PARENT_ABRE ", 
 	 " Error (6) esperaba LLAVE_ABRE ", 
 	 " Error (7) esperaba PARENT_CIERRA ", 
 	 " Error (8) esperaba ", 
 	 " Error (9) esperaba ", 
 	 " Error (10) esperaba ", 
 	 " Error (11) esperaba PROCEDIMIENTO LEER ESCRIBIR SI MIENTRAS SWITCH IDENTIFICADOR ", 
 	 " Error (12) esperaba TIPO ", 
 	 " Error (13) esperaba LLAVE_CIERRA ", 
 	 " Error (14) esperaba PROCEDIMIENTO LEER ESCRIBIR SI MIENTRAS SWITCH IDENTIFICADOR ", 
 	 " Error (15) esperaba ", 
 	 " Error (16) esperaba TIPO ", 
 	 " Error (17) esperaba ", 
 	 " Error (18) esperaba ", 
 	 " Error (19) esperaba ", 
 	 " Error (20) esperaba IDENTIFICADOR ", 
 	 " Error (21) esperaba ", 
 	 " Error (22) esperaba ", 
 	 " Error (23) esperaba ", 
 	 " Error (24) esperaba PARENT_ABRE ", 
 	 " Error (25) esperaba IDENTIFICADOR ", 
 	 " Error (26) esperaba IGUAL PARENT_ABRE ", 
 	 " Error (27) esperaba PROCEDIMIENTO LEER ESCRIBIR SI MIENTRAS SWITCH IDENTIFICADOR ", 
 	 " Error (28) esperaba LEER ESCRIBIR SI MIENTRAS SWITCH IDENTIFICADOR LLAVE_CIERRA ", 
 	 " Error (29) esperaba LEER ESCRIBIR SI MIENTRAS SWITCH IDENTIFICADOR LLAVE_CIERRA ", 
 	 " Error (30) esperaba ", 
 	 " Error (31) esperaba LLAVE_ABRE ", 
 	 " Error (32) esperaba PUNTO_COMA ", 
 	 " Error (33) esperaba ", 
 	 " Error (34) esperaba ", 
 	 " Error (35) esperaba ", 
 	 " Error (36) esperaba ", 
 	 " Error (37) esperaba ", 
 	 " Error (38) esperaba ", 
 	 " Error (39) esperaba ", 
 	 " Error (40) esperaba shift/reduce ", 
 	 " Error (41) esperaba SINO LEER ESCRIBIR SI MIENTRAS SWITCH CASO SALTAR DEFECTO LLAVE_CIERRA IDENTIFICADOR ", 
 	 " Error (42) esperaba IDENTIFICADOR ", 
 	 " Error (43) esperaba ", 
 	 " Error (44) esperaba ", 
 	 " Error (45) esperaba ", 
 	 " Error (46) esperaba IDENTIFICADOR ", 
 	 " Error (47) esperaba PARENT_ABRE CADENA IDENTIFICADOR VALOR ", 
 	 " Error (48) esperaba PARENT_ABRE ", 
 	 " Error (49) esperaba PARENT_ABRE IDENTIFICADOR VALOR ", 
 	 " Error (50) esperaba LLAVE_ABRE ", 
 	 " Error (51) esperaba PARENT_ABRE IDENTIFICADOR VALOR ", 
 	 " Error (52) esperaba PARENT_ABRE ", 
 	 " Error (53) esperaba LEER ESCRIBIR SI MIENTRAS SWITCH IDENTIFICADOR LLAVE_CIERRA ", 
 	 " Error (54) esperaba LEER ESCRIBIR SI MIENTRAS SWITCH IDENTIFICADOR LLAVE_CIERRA ", 
 	 " Error (55) esperaba ", 
 	 " Error (56) esperaba ", 
 	 " Error (57) esperaba ", 
 	 " Error (58) esperaba ", 
 	 " Error (59) esperaba ", 
 	 " Error (60) esperaba ", 
 	 " Error (61) esperaba ", 
 	 " Error (62) esperaba ", 
 	 " Error (63) esperaba PUNTO_COMA COMA ", 
 	 " Error (64) esperaba ", 
 	 " Error (65) esperaba IDENTIFICADOR ", 
 	 " Error (66) esperaba PARENT_ABRE ", 
 	 " Error (67) esperaba ", 
 	 " Error (68) esperaba COMA PUNTO_COMA ", 
 	 " Error (69) esperaba ", 
 	 " Error (70) esperaba PARENT_ABRE IDENTIFICADOR VALOR ", 
 	 " Error (71) esperaba PARENT_ABRE IDENTIFICADOR VALOR ", 
 	 " Error (72) esperaba PARENT_ABRE IDENTIFICADOR VALOR ", 
 	 " Error (73) esperaba ", 
 	 " Error (74) esperaba ", 
 	 " Error (75) esperaba ", 
 	 " Error (76) esperaba PARENT_ABRE IDENTIFICADOR VALOR ", 
 	 " Error (77) esperaba PUNTO_COMA COMA ", 
 	 " Error (78) esperaba ", 
 	 " Error (79) esperaba COMA PUNTO_COMA ", 
 	 " Error (80) esperaba PARENT_ABRE IDENTIFICADOR VALOR ", 
 	 " Error (81) esperaba PARENT_CIERRA ", 
 	 " Error (82) esperaba CASO ", 
 	 " Error (83) esperaba PUNTO_COMA ", 
 	 " Error (84) esperaba PARENT_ABRE IDENTIFICADOR VALOR PARENT_CIERRA COMA ", 
 	 " Error (85) esperaba LEER ESCRIBIR SI MIENTRAS SWITCH LLAVE_ABRE IDENTIFICADOR ", 
 	 " Error (86) esperaba ", 
 	 " Error (87) esperaba COMA ", 
 	 " Error (88) esperaba PUNTO_COMA COMA ", 
 	 " Error (89) esperaba TIPO PARENT_CIERRA ", 
 	 " Error (90) esperaba IDENTIFICADOR ", 
 	 " Error (91) esperaba PARENT_CIERRA ", 
 	 " Error (92) esperaba PARENT_CIERRA PUNTO_COMA COMA ", 
 	 " Error (93) esperaba PARENT_CIERRA PUNTO_COMA COMA ", 
 	 " Error (94) esperaba PARENT_CIERRA PUNTO_COMA COMA ", 
 	 " Error (95) esperaba PARENT_ABRE IDENTIFICADOR VALOR ", 
 	 " Error (96) esperaba PARENT_ABRE IDENTIFICADOR VALOR ", 
 	 " Error (97) esperaba PARENT_ABRE IDENTIFICADOR VALOR ", 
 	 " Error (98) esperaba PARENT_ABRE IDENTIFICADOR VALOR ", 
 	 " Error (99) esperaba ", 
 	 " Error (100) esperaba PARENT_ABRE IDENTIFICADOR VALOR ", 
 	 " Error (101) esperaba PARENT_ABRE IDENTIFICADOR VALOR ", 
 	 " Error (102) esperaba PARENT_ABRE CADENA IDENTIFICADOR VALOR ", 
 	 " Error (103) esperaba PARENT_CIERRA ", 
 	 " Error (104) esperaba LEER ESCRIBIR SI MIENTRAS SWITCH LLAVE_ABRE IDENTIFICADOR ", 
 	 " Error (105) esperaba VALOR ", 
 	 " Error (106) esperaba CASO DEFECTO LLAVE_CIERRA ", 
 	 " Error (107) esperaba PARENT_CIERRA COMA ", 
 	 " Error (108) esperaba PARENT_CIERRA COMA ", 
 	 " Error (109) esperaba LEER ESCRIBIR SI MIENTRAS SWITCH IDENTIFICADOR ", 
 	 " Error (110) esperaba ", 
 	 " Error (111) esperaba ", 
 	 " Error (112) esperaba ", 
 	 " Error (113) esperaba ", 
 	 " Error (114) esperaba COMA ", 
 	 " Error (115) esperaba ", 
 	 " Error (116) esperaba IDENTIFICADOR ", 
 	 " Error (117) esperaba PARENT_CIERRA ", 
 	 " Error (118) esperaba COMA PARENT_CIERRA ", 
 	 " Error (119) esperaba ", 
 	 " Error (120) esperaba ", 
 	 " Error (121) esperaba PARENT_CIERRA PUNTO_COMA COMA ", 
 	 " Error (122) esperaba PARENT_CIERRA PUNTO_COMA COMA ", 
 	 " Error (123) esperaba PARENT_CIERRA PUNTO_COMA COMA ", 
 	 " Error (124) esperaba ", 
 	 " Error (125) esperaba PARENT_CIERRA PUNTO_COMA COMA ", 
 	 " Error (126) esperaba ", 
 	 " Error (127) esperaba ", 
 	 " Error (128) esperaba PUNTO_COMA COMA ", 
 	 " Error (129) esperaba ", 
 	 " Error (130) esperaba ", 
 	 " Error (131) esperaba DOSPUNTOS ", 
 	 " Error (132) esperaba VALOR ", 
 	 " Error (133) esperaba DOSPUNTOS ", 
 	 " Error (134) esperaba ", 
 	 " Error (135) esperaba ", 
 	 " Error (136) esperaba PARENT_ABRE IDENTIFICADOR VALOR ", 
 	 " Error (137) esperaba LEER ESCRIBIR SI MIENTRAS SWITCH LLAVE_CIERRA IDENTIFICADOR ", 
 	 " Error (138) esperaba LEER ESCRIBIR SI MIENTRAS SWITCH LLAVE_CIERRA IDENTIFICADOR ", 
 	 " Error (139) esperaba ", 
 	 " Error (140) esperaba ", 
 	 " Error (141) esperaba ", 
 	 " Error (142) esperaba TIPO ", 
 	 " Error (143) esperaba PARENT_ABRE IDENTIFICADOR VALOR ", 
 	 " Error (144) esperaba LEER ESCRIBIR SI MIENTRAS SWITCH LLAVE_ABRE IDENTIFICADOR ", 
 	 " Error (145) esperaba LEER ESCRIBIR SI MIENTRAS SWITCH LLAVE_ABRE IDENTIFICADOR ", 
 	 " Error (146) esperaba DOSPUNTOS ", 
 	 " Error (147) esperaba LEER ESCRIBIR SI MIENTRAS SWITCH LLAVE_ABRE IDENTIFICADOR ", 
 	 " Error (148) esperaba PARENT_CIERRA COMA ", 
 	 " Error (149) esperaba ", 
 	 " Error (150) esperaba ", 
 	 " Error (151) esperaba IDENTIFICADOR ", 
 	 " Error (152) esperaba PARENT_CIERRA PUNTO_COMA COMA ", 
 	 " Error (153) esperaba ", 
 	 " Error (154) esperaba SALTAR CASO DEFECTO LLAVE_CIERRA ", 
 	 " Error (155) esperaba LEER ESCRIBIR SI MIENTRAS SWITCH LLAVE_ABRE IDENTIFICADOR ", 
 	 " Error (156) esperaba SALTAR ", 
 	 " Error (157) esperaba ", 
 	 " Error (158) esperaba ", 
 	 " Error (159) esperaba SALTAR CASO DEFECTO LLAVE_CIERRA ", 
 	 " Error (160) esperaba ", 
 	 " Error (161) esperaba shift/reduce " };
